curl --trace-ascii - -N --http1.1 --tlsv1.2 --tls-max 1.2 --ciphers ECDHE-RSA-AES256-GCM-SHA384  \
 -H "authorization: Bearer ${AUTH_TOKEN}" \
 -H "X-request-id: hrntest" \
 -H "api-key: ${API_KEY}" \
 -H "Accept: text/event-stream" \
 "https://$HOST/api/1.0/stream?cluster=$CLUSTER_ID"
== Info:   Trying 162.159.135.64:443...
== Info: Connected to config.ff.harness.io (162.159.135.64) port 443 (#0)
== Info: ALPN, offering http/1.1
== Info: Cipher selection: ECDHE-RSA-AES256-GCM-SHA384
== Info: successfully set certificate verify locations:
== Info:  CAfile: /etc/ssl/cert.pem
== Info:  CApath: none
== Info: (304) (OUT), TLS handshake, Client hello (1):
=> Send SSL data, 141 bytes (0x8d)
0000: ......=`.K...8d`........<K...T)...........0.....\.........config
0040: .ff.harness.io..................................................
0080: .....http/1.1
== Info: (304) (IN), TLS handshake, Server hello (2):
<= Recv SSL data, 106 bytes (0x6a)
0000: ...f..b.$......5h.Mx......*...DOWNGRD. .3B..r...Fb..3../.!.]..R.
0040: .H2.y4_.0.........................http/1.1
== Info: TLSv1.2 (IN), TLS handshake, Certificate (11):
<= Recv SSL data, 2893 bytes (0xb4d)
0000: ...I..F...0...0...........c^tdkG..?..MJ.e0...*.H........0J1.0...
0040: U....US1.0...U....Cloudflare, Inc.1 0...U....Cloudflare Inc RSA
0080: CA-20...220428000000Z..230427235959Z0j1.0...U....US1.0...U....Ca
00c0: lifornia1.0...U....San Francisco1.0...U....Cloudflare, Inc.1.0..
0100: .U....harness.io0.."0...*.H.............0.............+...%...H.
0140: ...h.....3..\..\.U~.8#.S0..|..]...\DOC.M.Q3.....@qY.....|/s.P..n
0180: .T4.....FO.....G..FOFV[P,...+..y\..R...E.:V~..E....O.....p(...H
01c0: ...d.).....5<{....@g..z..<)p..a[.e...Fn.Z...6|.n.-......c#.sW...
0200: ......r.4.J..k....g.QC^....B..j..Z.A.. tW......oA........`0..\0.
0240: ..U.#..0........EI.o04.+....%Wz0...U........W.r .[..MI!.5.u.rW0&
0280: ..U....0...*.ff.harness.io..harness.io0...U...........0...U.%..0
02c0: ...+.........+.......0{..U...t0r07.5.3.1http://crl3.digicert.com
0300: /CloudflareIncRSACA-2.crl07.5.3.1http://crl4.digicert.com/Cloudf
0340: lareIncRSACA-2.crl0>..U. .70503..g.....0)0'..+.........http://ww
0380: w.digicert.com/CPS0v..+........j0h0$..+.....0...http://ocsp.digi
03c0: cert.com0@..+.....0..4http://cacerts.digicert.com/CloudflareIncR
0400: SACA-2.crt0...U.......0.0..~..+.....y......n...j.h.w..>..>..52.W
0440: (..k......k..i.w}m..n....qD~2.....H0F.!...Fz.9.....z...5...0X..U
0480: ..#Gt.(..!....9.e...R&pO..F.3..EIF...X......u.5.....lW...LmB...'
04c0:  &Q.?.*....;.L....qD~t.....F0D. '....P,B6.}S.......E(......]....
0500: . w...S_H.K.....M..:+.T.........1..v..sw...P.c.......Jy-.g......
0540: .y6......qD~......G0E.!.....I.qT..T.f...,.L ..,;hF...... pS....
0580: t.H.G.H{.Ol.8k...'s.'.?.N.0...*.H.............Z.......eP)..{.&..
05c0: ...p.q-.L..K.......o.?$N.*.......}Z..}.S.g.9X..}.h$$$...o.../M..
0600: ..3.M.'a..:5.x.h.k&.......=..Yb....y.-..Q.>N...uh*.2H<...qN...[C
0640: 6.^..c.a...NU...f.w...KM.DP....M..&g.dv{...;h\...5@..B...G..../
0680: w.%.4.s.....e..O..h....>...K...P.....*.r..g......0...0..........
06c0: ....s.....[X8.).0...*.H........0Z1.0...U....IE1.0...U....Baltimo
0700: re1.0...U....CyberTrust1"0 ..U....Baltimore CyberTrust Root0...2
0740: 00127124639Z..241231235959Z0J1.0...U....US1.0...U....Cloudflare,
0780:  Inc.1 0...U....Cloudflare Inc RSA CA-20.."0...*.H.............0
07c0: .........]&....3].....1.N~_...o.$...........T.f8(..i....1jV.....
0800: Y...:.a.(.~....7.......x..`F..t.-O...R..Z2.!!G.\......p.....-...
0840: .[W99......,J?...!..O%,B#}.....i........hd....R/.........F..2."
0880: .7........:H..a..=r.p^..i$.<H....Q.+...O.p.....ni-...b.LC7_.:v.Z
08c0: .ni]............h0..d0...U...........EI.o04.+....%Wz0...U.#..0..
0900: ...Y0.GX....T6.{:..M.0...U...........0...U.%..0...+.........+...
0940: ....0...U.......0.......04..+........(0&0$..+.....0...http://ocs
0980: p.digicert.com0:..U...3010/.-.+.)http://crl3.digicert.com/Omniro
09c0: ot2025.crl0m..U. .f0d07..`.H...l..0*0(..+.........https://www.di
0a00: gicert.com/CPS0...`.H...l..0...g.....0...g.....0...g.....0...*.H
0a40: .............|.....dr..a..t=P....N...&+..A........P............
0a80: .O...|.r/...vi..jGk.T.....5'......................"w.I..U.......
0ac0: ..B...~......'.)....4.F*.NV|.."..S.[.{..O.Y.A..r.\ozJ.C+"..? |..
0b00: |...Jsq...F......q...P~3..5u$^..Z..E......d....eH.....F..~Z0S]4.
0b40: .............
== Info: TLSv1.2 (IN), TLS handshake, Server key exchange (12):
<= Recv SSL data, 300 bytes (0x12c)
0000: ...(... Vh....,b=....4~..a...{.J.#...|b....RfK..-....1..a......
0040: ..a.e._{...;.....@.[.......b.8.oB....E.g6wq.1..Y....:./.q....w.w
0080: .WKV:.....,#.!..*....E~..A.......z...SO...8......^..>.O#.O;.j/.
00c0: .+mi.j.V6..b.....R.e=ev..jq9.u0@1...<)..D.b.r..'`....g.(KF\..pt.
0100: R...j}....}..r#:..P..T.~(mCM.......f.)....*.
== Info: TLSv1.2 (IN), TLS handshake, Server finished (14):
<= Recv SSL data, 4 bytes (0x4)
0000: ....
== Info: TLSv1.2 (OUT), TLS handshake, Client key exchange (16):
=> Send SSL data, 37 bytes (0x25)
0000: ...! %8.;.<st.......p.`;..n..c8....n
== Info: TLSv1.2 (OUT), TLS change cipher, Change cipher spec (1):
=> Send SSL data, 1 bytes (0x1)
0000: .
== Info: TLSv1.2 (OUT), TLS handshake, Finished (20):
=> Send SSL data, 16 bytes (0x10)
0000: ....?.b.........
== Info: TLSv1.2 (IN), TLS change cipher, Change cipher spec (1):
<= Recv SSL data, 1 bytes (0x1)
0000: .
== Info: TLSv1.2 (IN), TLS handshake, Finished (20):
<= Recv SSL data, 16 bytes (0x10)
0000: ....Xq.r..,J.+0.
== Info: SSL connection using TLSv1.2 / ECDHE-RSA-AES256-GCM-SHA384
== Info: ALPN, server accepted to use http/1.1
== Info: Server certificate:
== Info:  subject: C=US; ST=California; L=San Francisco; O=Cloudflare, Inc.; CN=harness.io
== Info:  start date: Apr 28 00:00:00 2022 GMT
== Info:  expire date: Apr 27 23:59:59 2023 GMT
== Info:  subjectAltName: host "config.ff.harness.io" matched cert's "*.ff.harness.io"
== Info:  issuer: C=US; O=Cloudflare, Inc.; CN=Cloudflare Inc RSA CA-2
== Info:  SSL certificate verify ok.
=> Send header, 751 bytes (0x2ef)
0000: GET /api/1.0/stream?cluster=2 HTTP/1.1
0028: Host: config.ff.harness.io
0044: User-Agent: curl/7.79.1
005d: authorization: Bearer eyJhbGciOiJIUzI1NiIsInR5cCI6IkpXVCJ9.eyJlb
009d: nZpcm9ubWVudCI6IjkyMDRkN2FmLTA5ODYtNDI5OC04NmViLTc5MGYyZGRkZjQwZ
00dd: iIsImVudmlyb25tZW50SWRlbnRpZmllciI6ImRldiIsInByb2plY3QiOiI0NjFhN
011d: 2EyMS0zYTZmLTQyZDUtOTNjMS1iNTFiMDZhZTRkMWMiLCJwcm9qZWN0SWRlbnRpZ
015d: mllciI6ImZlYXR1cmVmbGFncG9jamF2YSIsImFjY291bnRJRCI6InZSMzV3SVhJV
019d: HRtTnByZC1vRzllZWciLCJvcmdhbml6YXRpb24iOiIxNGZkYTk1Zi03ZGU0LTQwM
01dd: TAtOWYwYy1hMjA5NjJmOTMwYmEiLCJvcmdhbml6YXRpb25JZGVudGlmaWVyIjoiQ
021d: 1RPIiwiY2x1c3RlcklkZW50aWZpZXIiOiIyIiwia2V5X3R5cGUiOiJDbGllbnQif
025d: Q.P5Ci1itag2JoL53O4x55K7rWc1rYg4gyRLzRW4Q7s78
028c: X-request-id: hrntest
02a3: api-key: d9cc5bdb-fe6a-4727-9c08-abec88ba3c82
02d2: Accept: text/event-stream
02ed:
== Info: Mark bundle as not supporting multiuse
<= Recv header, 17 bytes (0x11)
0000: HTTP/1.1 200 OK
<= Recv header, 37 bytes (0x25)
0000: Date: Tue, 17 May 2022 04:30:22 GMT
<= Recv header, 33 bytes (0x21)
0000: Content-Type: text/event-stream
<= Recv header, 28 bytes (0x1c)
0000: Transfer-Encoding: chunked
<= Recv header, 24 bytes (0x18)
0000: Connection: keep-alive
<= Recv header, 14 bytes (0xe)
0000: Vary: Origin
<= Recv header, 23 bytes (0x17)
0000: X-Request-Id: hrntest
<= Recv header, 17 bytes (0x11)
0000: Via: 1.1 google
<= Recv header, 26 bytes (0x1a)
0000: CF-Cache-Status: DYNAMIC
<= Recv header, 100 bytes (0x64)
0000: Expect-CT: max-age=604800, report-uri="https://report-uri.cloudf
0040: lare.com/cdn-cgi/beacon/expect-ct"
<= Recv header, 20 bytes (0x14)
0000: Server: cloudflare
<= Recv header, 30 bytes (0x1e)
0000: CF-RAY: 70c99e0ec80197f4-SJC
<= Recv header, 2 bytes (0x2)
0000:
<= Recv data, 6 bytes (0x6)
0000: 1
0003: .

<= Recv data, 6 bytes (0x6)
0000: 1
0003: .

<= Recv data, 6 bytes (0x6)
0000: 1
0003: .

<= Recv data, 6 bytes (0x6)
0000: 1
0003: .

<= Recv data, 6 bytes (0x6)
0000: 1
0003: .

<= Recv data, 6 bytes (0x6)
0000: 1
0003: .

<= Recv data, 6 bytes (0x6)
0000: 1
0003: .




<= Recv data, 6 bytes (0x6)
0000: 1
0003: .

<= Recv data, 95 bytes (0x5f)
0000: 59
0004: event: *.data: {"event":"patch","domain":"flag","identifier":"fe
0044: aturespa","version":54}..
event: *
data: {"event":"patch","domain":"flag","identifier":"featurespa","version":54}

<= Recv data, 6 bytes (0x6)
0000: 1
0003: .

<= Recv data, 6 bytes (0x6)
0000: 1
0003: .

<= Recv data, 6 bytes (0x6)
0000: 1
0003: .

<= Recv data, 6 bytes (0x6)
0000: 1
0003: .